[90m7:23PM[0m [32mINF[0m [1mUpgrading IAVL storage for faster queries + execution on live state. This may take a while[0m [36mcommit=[0m436F6D6D697449447B5B5D3A307D [36mmodule=[0mserver [36mstore_key=[0m"KVStoreKey{0xc001374d30, authz}" [36mversion=[0m0
[90m7:23PM[0m [32mINF[0m [1mUpgrading IAVL storage for faster queries + execution on live state. This may take a while[0m [36mcommit=[0m436F6D6D697449447B5B5D3A307D [36mmodule=[0mserver [36mstore_key=[0m"KVStoreKey{0xc0020450e0, transfer}" [36mversion=[0m0
[90m7:23PM[0m [32mINF[0m [1mUpgrading IAVL storage for faster queries + execution on live state. This may take a while[0m [36mcommit=[0m436F6D6D697449447B5B5D3A307D [36mmodule=[0mserver [36mstore_key=[0m"KVStoreKey{0xc00044e2d0, bank}" [36mversion=[0m0
[90m7:23PM[0m [32mINF[0m [1mUpgrading IAVL storage for faster queries + execution on live state. This may take a while[0m [36mcommit=[0m436F6D6D697449447B5B5D3A307D [36mmodule=[0mserver [36mstore_key=[0m"KVStoreKey{0xc000c3d910, params}" [36mversion=[0m0
[90m7:23PM[0m [32mINF[0m [1mUpgrading IAVL storage for faster queries + execution on live state. This may take a while[0m [36mcommit=[0m436F6D6D697449447B5B5D3A307D [36mmodule=[0mserver [36mstore_key=[0m"KVStoreKey{0xc00127e9e0, slashing}" [36mversion=[0m0
[90m7:23PM[0m [32mINF[0m [1mUpgrading IAVL storage for faster queries + execution on live state. This may take a while[0m [36mcommit=[0m436F6D6D697449447B5B5D3A307D [36mmodule=[0mserver [36mstore_key=[0m"KVStoreKey{0xc0012ba1d0, distribution}" [36mversion=[0m0
[90m7:23PM[0m [32mINF[0m [1mUpgrading IAVL storage for faster queries + execution on live state. This may take a while[0m [36mcommit=[0m436F6D6D697449447B5B5D3A307D [36mmodule=[0mserver [36mstore_key=[0m"KVStoreKey{0xc0012bafe0, consensus}" [36mversion=[0m0
[90m7:23PM[0m [32mINF[0m [1mUpgrading IAVL storage for faster queries + execution on live state. This may take a while[0m [36mcommit=[0m436F6D6D697449447B5B5D3A307D [36mmodule=[0mserver [36mstore_key=[0m"KVStoreKey{0xc00123d250, staking}" [36mversion=[0m0
[90m7:23PM[0m [32mINF[0m [1mUpgrading IAVL storage for faster queries + execution on live state. This may take a while[0m [36mcommit=[0m436F6D6D697449447B5B5D3A307D [36mmodule=[0mserver [36mstore_key=[0m"KVStoreKey{0xc0012bbb40, mint}" [36mversion=[0m0
[90m7:23PM[0m [32mINF[0m [1mUpgrading IAVL storage for faster queries + execution on live state. This may take a while[0m [36mcommit=[0m436F6D6D697449447B5B5D3A307D [36mmodule=[0mserver [36mstore_key=[0m"KVStoreKey{0xc0012e5870, gov}" [36mversion=[0m0
[90m7:23PM[0m [32mINF[0m [1mUpgrading IAVL storage for faster queries + execution on live state. This may take a while[0m [36mcommit=[0m436F6D6D697449447B5B5D3A307D [36mmodule=[0mserver [36mstore_key=[0m"KVStoreKey{0xc0020450c0, capability}" [36mversion=[0m0
[90m7:23PM[0m [32mINF[0m [1mUpgrading IAVL storage for faster queries + execution on live state. This may take a while[0m [36mcommit=[0m436F6D6D697449447B5B5D3A307D [36mmodule=[0mserver [36mstore_key=[0m"KVStoreKey{0xc0020450f0, feeibc}" [36mversion=[0m0
[90m7:23PM[0m [32mINF[0m [1mUpgrading IAVL storage for faster queries + execution on live state. This may take a while[0m [36mcommit=[0m436F6D6D697449447B5B5D3A307D [36mmodule=[0mserver [36mstore_key=[0m"KVStoreKey{0xc0012e48b0, emissions}" [36mversion=[0m0
[90m7:23PM[0m [32mINF[0m [1mUpgrading IAVL storage for faster queries + execution on live state. This may take a while[0m [36mcommit=[0m436F6D6D697449447B5B5D3A307D [36mmodule=[0mserver [36mstore_key=[0m"KVStoreKey{0xc001341550, upgrade}" [36mversion=[0m0
[90m7:23PM[0m [32mINF[0m [1mUpgrading IAVL storage for faster queries + execution on live state. This may take a while[0m [36mcommit=[0m436F6D6D697449447B5B5D3A307D [36mmodule=[0mserver [36mstore_key=[0m"KVStoreKey{0xc0020450d0, ibc}" [36mversion=[0m0
[90m7:23PM[0m [32mINF[0m [1mUpgrading IAVL storage for faster queries + execution on live state. This may take a while[0m [36mcommit=[0m436F6D6D697449447B5B5D3A307D [36mmodule=[0mserver [36mstore_key=[0m"KVStoreKey{0xc002045100, icahost}" [36mversion=[0m0
[90m7:23PM[0m [32mINF[0m [1mUpgrading IAVL storage for faster queries + execution on live state. This may take a while[0m [36mcommit=[0m436F6D6D697449447B5B5D3A307D [36mmodule=[0mserver [36mstore_key=[0m"KVStoreKey{0xc002bd9ab0, feemarket}" [36mversion=[0m0
[90m7:23PM[0m [32mINF[0m [1mUpgrading IAVL storage for faster queries + execution on live state. This may take a while[0m [36mcommit=[0m436F6D6D697449447B5B5D3A307D [36mmodule=[0mserver [36mstore_key=[0m"KVStoreKey{0xc000c3ca50, acc}" [36mversion=[0m0
[90m7:23PM[0m [32mINF[0m [1mUpgrading IAVL storage for faster queries + execution on live state. This may take a while[0m [36mcommit=[0m436F6D6D697449447B5B5D3A307D [36mmodule=[0mserver [36mstore_key=[0m"KVStoreKey{0xc000c692d0, feegrant}" [36mversion=[0m0
[90m7:23PM[0m [32mINF[0m [1mUpgrading IAVL storage for faster queries + execution on live state. This may take a while[0m [36mcommit=[0m436F6D6D697449447B5B5D3A307D [36mmodule=[0mserver [36mstore_key=[0m"KVStoreKey{0xc001375840, circuit}" [36mversion=[0m0
[90m7:23PM[0m [32mINF[0m [1mUpgrading IAVL storage for faster queries + execution on live state. This may take a while[0m [36mcommit=[0m436F6D6D697449447B5B5D3A307D [36mmodule=[0mserver [36mstore_key=[0m"KVStoreKey{0xc0013bc120, evidence}" [36mversion=[0m0
[90m7:23PM[0m [32mINF[0m [1mUpgrading IAVL storage for faster queries + execution on live state. This may take a while[0m [36mcommit=[0m436F6D6D697449447B5B5D3A307D [36mmodule=[0mserver [36mstore_key=[0m"KVStoreKey{0xc002045110, icacontroller}" [36mversion=[0m0
[90m7:23PM[0m [32mINF[0m [1mstarting node with ABCI CometBFT in-process[0m [36mmodule=[0mserver
[90m7:24PM[0m [32mINF[0m [1mInitChain[0m [36mchainID=[0mdemo [36minitialHeight=[0m1 [36mmodule=[0mserver
[90m7:24PM[0m [32mINF[0m [1minitializing blockchain state from genesis.json[0m [36mmodule=[0mserver
[90m7:24PM[0m [32mINF[0m [1mVersion info[0m [36mabci=[0m2.0.0 [36mblock=[0m11 [36mcommit_hash=[0m [36mmodule=[0mserver [36mp2p=[0m8 [36mtendermint_version=[0m0.38.15
[90m7:24PM[0m [32mINF[0m [1mservice start[0m [36mimpl=[0mNode [36mmodule=[0mserver [36mmsg=[0m"Starting Node service"
[90m7:24PM[0m [32mINF[0m [1mEmission Per Unit Staked Token Calculation
FEmission %s
ecosystemLocked %s
networkStaked %s
circulatingSupply %s
totalSupply %s
lockedVestingTokens %s
[0m [36m155000000000000000000000000=[0m1000000000000000000000000000 [36m359500000000000000000000000=[0m1000000000000000000000 [36m485500000000000000000000000=[0m0 [36mecosystemBalance%s
=[0m"ecosystemMintSupplyRemaining %s\n0.025000000000000000" [36mmodule=[0mserver
[90m7:24PM[0m DBG SkimTopTopicsByWeightDesc took top 0 topics out of 0 [36mmodule=[0mrewards
[90m7:24PM[0m DBG Max rewards to distribute this epoch: 17361111111111 [36mmodule=[0mrewards
[90m7:24PM[0m DBG Rewardable topics: [] [36mmodule=[0mrewards
[90m7:24PM[0m [33mWRN[0m [1mNo rewardable topics found[0m [36mmodule=[0mrewards
[90m7:24PM[0m [32mINF[0m [1mfinalized block[0m [36mblock_app_hash=[0mE466696029773CEFDFE40C1FC7548B9D9FBE1CCB5CA7311A6C614FE41ED2507A [36mheight=[0m1 [36mmodule=[0mstate [36mnum_txs_res=[0m0 [36mnum_val_updates=[0m0
[90m7:24PM[0m [32mINF[0m [1mexecuted block[0m [36mapp_hash=[0mE466696029773CEFDFE40C1FC7548B9D9FBE1CCB5CA7311A6C614FE41ED2507A [36mheight=[0m1 [36mmodule=[0mstate
[90m7:24PM[0m [32mINF[0m [1mcommitted state[0m [36mblock_app_hash=[0mE3B0C44298FC1C149AFBF4C8996FB92427AE41E4649B934CA495991B7852B855 [36mheight=[0m1 [36mmodule=[0mstate
[90m7:24PM[0m DBG SkimTopTopicsByWeightDesc took top 0 topics out of 0 [36mmodule=[0mrewards
[90m7:24PM[0m DBG Max rewards to distribute this epoch: 34722222222222 [36mmodule=[0mrewards
[90m7:24PM[0m DBG Rewardable topics: [] [36mmodule=[0mrewards
[90m7:24PM[0m [33mWRN[0m [1mNo rewardable topics found[0m [36mmodule=[0mrewards
[90m7:24PM[0m [32mINF[0m [1mfinalized block[0m [36mblock_app_hash=[0m60989F7C362A4EB80BD18A42830D70005D3E85F18C0C0E0E919CB83CE9F7EA12 [36mheight=[0m2 [36mmodule=[0mstate [36mnum_txs_res=[0m0 [36mnum_val_updates=[0m0
[90m7:24PM[0m [32mINF[0m [1mexecuted block[0m [36mapp_hash=[0m60989F7C362A4EB80BD18A42830D70005D3E85F18C0C0E0E919CB83CE9F7EA12 [36mheight=[0m2 [36mmodule=[0mstate
[90m7:24PM[0m [32mINF[0m [1mcommitted state[0m [36mblock_app_hash=[0mE466696029773CEFDFE40C1FC7548B9D9FBE1CCB5CA7311A6C614FE41ED2507A [36mheight=[0m2 [36mmodule=[0mstate
[90m7:24PM[0m DBG SkimTopTopicsByWeightDesc took top 0 topics out of 0 [36mmodule=[0mrewards
[90m7:24PM[0m DBG Max rewards to distribute this epoch: 52083333333333 [36mmodule=[0mrewards
[90m7:24PM[0m DBG Rewardable topics: [] [36mmodule=[0mrewards
[90m7:24PM[0m [33mWRN[0m [1mNo rewardable topics found[0m [36mmodule=[0mrewards
[90m7:24PM[0m [32mINF[0m [1mfinalized block[0m [36mblock_app_hash=[0m0FABE51EC7778896188492E3DEC51C62063A4C1673370D049DAFA48FB543A871 [36mheight=[0m3 [36mmodule=[0mstate [36mnum_txs_res=[0m0 [36mnum_val_updates=[0m0
[90m7:24PM[0m [32mINF[0m [1mexecuted block[0m [36mapp_hash=[0m0FABE51EC7778896188492E3DEC51C62063A4C1673370D049DAFA48FB543A871 [36mheight=[0m3 [36mmodule=[0mstate
[90m7:24PM[0m [32mINF[0m [1mcommitted state[0m [36mblock_app_hash=[0m60989F7C362A4EB80BD18A42830D70005D3E85F18C0C0E0E919CB83CE9F7EA12 [36mheight=[0m3 [36mmodule=[0mstate
[90m7:24PM[0m DBG SkimTopTopicsByWeightDesc took top 0 topics out of 0 [36mmodule=[0mrewards
[90m7:24PM[0m DBG Max rewards to distribute this epoch: 69444444444444 [36mmodule=[0mrewards
[90m7:24PM[0m DBG Rewardable topics: [] [36mmodule=[0mrewards
[90m7:24PM[0m [33mWRN[0m [1mNo rewardable topics found[0m [36mmodule=[0mrewards
[90m7:24PM[0m [32mINF[0m [1mfinalized block[0m [36mblock_app_hash=[0m0BC46F674C5FB7BD29B5823EA22CAF382099B36D257C2341A53F5EDC4A59A9D7 [36mheight=[0m4 [36mmodule=[0mstate [36mnum_txs_res=[0m0 [36mnum_val_updates=[0m0
[90m7:24PM[0m [32mINF[0m [1mexecuted block[0m [36mapp_hash=[0m0BC46F674C5FB7BD29B5823EA22CAF382099B36D257C2341A53F5EDC4A59A9D7 [36mheight=[0m4 [36mmodule=[0mstate
[90m7:24PM[0m [32mINF[0m [1mcommitted state[0m [36mblock_app_hash=[0m0FABE51EC7778896188492E3DEC51C62063A4C1673370D049DAFA48FB543A871 [36mheight=[0m4 [36mmodule=[0mstate
[90m7:24PM[0m DBG SkimTopTopicsByWeightDesc took top 0 topics out of 0 [36mmodule=[0mrewards
[90m7:24PM[0m DBG Max rewards to distribute this epoch: 86805555555555 [36mmodule=[0mrewards
[90m7:24PM[0m DBG Rewardable topics: [] [36mmodule=[0mrewards
[90m7:24PM[0m [33mWRN[0m [1mNo rewardable topics found[0m [36mmodule=[0mrewards
[90m7:24PM[0m [32mINF[0m [1mfinalized block[0m [36mblock_app_hash=[0mA33929A778B51B69192AD0CEACD6C131FC592DAE51B3A5F326819911886BEB8A [36mheight=[0m5 [36mmodule=[0mstate [36mnum_txs_res=[0m0 [36mnum_val_updates=[0m0
[90m7:24PM[0m [32mINF[0m [1mexecuted block[0m [36mapp_hash=[0mA33929A778B51B69192AD0CEACD6C131FC592DAE51B3A5F326819911886BEB8A [36mheight=[0m5 [36mmodule=[0mstate
[90m7:24PM[0m [32mINF[0m [1mcommitted state[0m [36mblock_app_hash=[0m0BC46F674C5FB7BD29B5823EA22CAF382099B36D257C2341A53F5EDC4A59A9D7 [36mheight=[0m5 [36mmodule=[0mstate
[90m7:24PM[0m DBG SkimTopTopicsByWeightDesc took top 0 topics out of 0 [36mmodule=[0mrewards
[90m7:24PM[0m DBG Max rewards to distribute this epoch: 104166666666666 [36mmodule=[0mrewards
[90m7:24PM[0m DBG Rewardable topics: [] [36mmodule=[0mrewards
[90m7:24PM[0m [33mWRN[0m [1mNo rewardable topics found[0m [36mmodule=[0mrewards
[90m7:24PM[0m [32mINF[0m [1mfinalized block[0m [36mblock_app_hash=[0m38E28923F10504D05FB9E6E3F1516067AC7346D6826C58F0D5039CFE25D40F11 [36mheight=[0m6 [36mmodule=[0mstate [36mnum_txs_res=[0m0 [36mnum_val_updates=[0m0
[90m7:24PM[0m [32mINF[0m [1mexecuted block[0m [36mapp_hash=[0m38E28923F10504D05FB9E6E3F1516067AC7346D6826C58F0D5039CFE25D40F11 [36mheight=[0m6 [36mmodule=[0mstate
[90m7:24PM[0m [32mINF[0m [1mcommitted state[0m [36mblock_app_hash=[0mA33929A778B51B69192AD0CEACD6C131FC592DAE51B3A5F326819911886BEB8A [36mheight=[0m6 [36mmodule=[0mstate
[90m7:24PM[0m DBG SkimTopTopicsByWeightDesc took top 0 topics out of 0 [36mmodule=[0mrewards
[90m7:24PM[0m DBG Max rewards to distribute this epoch: 121527777777777 [36mmodule=[0mrewards
[90m7:24PM[0m DBG Rewardable topics: [] [36mmodule=[0mrewards
[90m7:24PM[0m [33mWRN[0m [1mNo rewardable topics found[0m [36mmodule=[0mrewards
[90m7:24PM[0m [32mINF[0m [1mfinalized block[0m [36mblock_app_hash=[0m4930D5EC773F50BFE553EE6C0C4EB66B261EF754516556C968C1E4AF6021BDE6 [36mheight=[0m7 [36mmodule=[0mstate [36mnum_txs_res=[0m0 [36mnum_val_updates=[0m0
[90m7:24PM[0m [32mINF[0m [1mexecuted block[0m [36mapp_hash=[0m4930D5EC773F50BFE553EE6C0C4EB66B261EF754516556C968C1E4AF6021BDE6 [36mheight=[0m7 [36mmodule=[0mstate
[90m7:24PM[0m [32mINF[0m [1mcommitted state[0m [36mblock_app_hash=[0m38E28923F10504D05FB9E6E3F1516067AC7346D6826C58F0D5039CFE25D40F11 [36mheight=[0m7 [36mmodule=[0mstate
[90m7:24PM[0m DBG SkimTopTopicsByWeightDesc took top 0 topics out of 0 [36mmodule=[0mrewards
[90m7:24PM[0m DBG Max rewards to distribute this epoch: 138888888888888 [36mmodule=[0mrewards
[90m7:24PM[0m DBG Rewardable topics: [] [36mmodule=[0mrewards
[90m7:24PM[0m [33mWRN[0m [1mNo rewardable topics found[0m [36mmodule=[0mrewards
[90m7:24PM[0m [32mINF[0m [1mfinalized block[0m [36mblock_app_hash=[0m97820B5E830EEC8B86481BB4F634527CB47309EF191B558E03D02375B93BB320 [36mheight=[0m8 [36mmodule=[0mstate [36mnum_txs_res=[0m0 [36mnum_val_updates=[0m0
[90m7:24PM[0m [32mINF[0m [1mexecuted block[0m [36mapp_hash=[0m97820B5E830EEC8B86481BB4F634527CB47309EF191B558E03D02375B93BB320 [36mheight=[0m8 [36mmodule=[0mstate
[90m7:24PM[0m [32mINF[0m [1mcommitted state[0m [36mblock_app_hash=[0m4930D5EC773F50BFE553EE6C0C4EB66B261EF754516556C968C1E4AF6021BDE6 [36mheight=[0m8 [36mmodule=[0mstate
[90m7:24PM[0m DBG SkimTopTopicsByWeightDesc took top 0 topics out of 0 [36mmodule=[0mrewards
[90m7:24PM[0m DBG Max rewards to distribute this epoch: 156249999999999 [36mmodule=[0mrewards
[90m7:24PM[0m DBG Rewardable topics: [] [36mmodule=[0mrewards
[90m7:24PM[0m [33mWRN[0m [1mNo rewardable topics found[0m [36mmodule=[0mrewards
[90m7:24PM[0m [32mINF[0m [1mfinalized block[0m [36mblock_app_hash=[0m3CE76FD5FD4AA2E3D0F74B015D31B3BF28EEA9B940E2FF473CCC8094D6532839 [36mheight=[0m9 [36mmodule=[0mstate [36mnum_txs_res=[0m0 [36mnum_val_updates=[0m0
[90m7:24PM[0m [32mINF[0m [1mexecuted block[0m [36mapp_hash=[0m3CE76FD5FD4AA2E3D0F74B015D31B3BF28EEA9B940E2FF473CCC8094D6532839 [36mheight=[0m9 [36mmodule=[0mstate
[90m7:24PM[0m [32mINF[0m [1mcommitted state[0m [36mblock_app_hash=[0m97820B5E830EEC8B86481BB4F634527CB47309EF191B558E03D02375B93BB320 [36mheight=[0m9 [36mmodule=[0mstate
[90m7:24PM[0m DBG SkimTopTopicsByWeightDesc took top 0 topics out of 0 [36mmodule=[0mrewards
[90m7:24PM[0m DBG Max rewards to distribute this epoch: 173611111111110 [36mmodule=[0mrewards
[90m7:24PM[0m DBG Rewardable topics: [] [36mmodule=[0mrewards
[90m7:24PM[0m [33mWRN[0m [1mNo rewardable topics found[0m [36mmodule=[0mrewards
[90m7:24PM[0m [32mINF[0m [1mfinalized block[0m [36mblock_app_hash=[0mCA1D4E8C86B79B3C70993E1179084F379AA3529ED5442F81EFA04D699E04A94A [36mheight=[0m10 [36mmodule=[0mstate [36mnum_txs_res=[0m0 [36mnum_val_updates=[0m0
[90m7:24PM[0m [32mINF[0m [1mexecuted block[0m [36mapp_hash=[0mCA1D4E8C86B79B3C70993E1179084F379AA3529ED5442F81EFA04D699E04A94A [36mheight=[0m10 [36mmodule=[0mstate
[90m7:24PM[0m [32mINF[0m [1mcommitted state[0m [36mblock_app_hash=[0m3CE76FD5FD4AA2E3D0F74B015D31B3BF28EEA9B940E2FF473CCC8094D6532839 [36mheight=[0m10 [36mmodule=[0mstate
[90m7:24PM[0m DBG SkimTopTopicsByWeightDesc took top 0 topics out of 0 [36mmodule=[0mrewards
[90m7:24PM[0m DBG Max rewards to distribute this epoch: 190972222222221 [36mmodule=[0mrewards
[90m7:24PM[0m DBG Rewardable topics: [] [36mmodule=[0mrewards
[90m7:24PM[0m [33mWRN[0m [1mNo rewardable topics found[0m [36mmodule=[0mrewards
[90m7:24PM[0m [32mINF[0m [1mfinalized block[0m [36mblock_app_hash=[0m039C51827F6447C983DAEE6AA23D9D55525821EBB80B3D1E44D650ED558A333F [36mheight=[0m11 [36mmodule=[0mstate [36mnum_txs_res=[0m0 [36mnum_val_updates=[0m0
[90m7:24PM[0m [32mINF[0m [1mexecuted block[0m [36mapp_hash=[0m039C51827F6447C983DAEE6AA23D9D55525821EBB80B3D1E44D650ED558A333F [36mheight=[0m11 [36mmodule=[0mstate
[90m7:24PM[0m [32mINF[0m [1mcommitted state[0m [36mblock_app_hash=[0mCA1D4E8C86B79B3C70993E1179084F379AA3529ED5442F81EFA04D699E04A94A [36mheight=[0m11 [36mmodule=[0mstate
[90m7:24PM[0m DBG SkimTopTopicsByWeightDesc took top 0 topics out of 0 [36mmodule=[0mrewards
[90m7:24PM[0m DBG Max rewards to distribute this epoch: 208333333333332 [36mmodule=[0mrewards
[90m7:24PM[0m DBG Rewardable topics: [] [36mmodule=[0mrewards
[90m7:24PM[0m [33mWRN[0m [1mNo rewardable topics found[0m [36mmodule=[0mrewards
[90m7:24PM[0m [32mINF[0m [1mfinalized block[0m [36mblock_app_hash=[0m82FB00CB29E957E8319CE3586265C3717A41044D3F36313978AC9CF2DFF33AC3 [36mheight=[0m12 [36mmodule=[0mstate [36mnum_txs_res=[0m0 [36mnum_val_updates=[0m0
[90m7:24PM[0m [32mINF[0m [1mexecuted block[0m [36mapp_hash=[0m82FB00CB29E957E8319CE3586265C3717A41044D3F36313978AC9CF2DFF33AC3 [36mheight=[0m12 [36mmodule=[0mstate
[90m7:24PM[0m [32mINF[0m [1mcommitted state[0m [36mblock_app_hash=[0m039C51827F6447C983DAEE6AA23D9D55525821EBB80B3D1E44D650ED558A333F [36mheight=[0m12 [36mmodule=[0mstate
[90m7:24PM[0m DBG SkimTopTopicsByWeightDesc took top 0 topics out of 0 [36mmodule=[0mrewards
[90m7:24PM[0m DBG Max rewards to distribute this epoch: 225694444444443 [36mmodule=[0mrewards
[90m7:24PM[0m DBG Rewardable topics: [] [36mmodule=[0mrewards
[90m7:24PM[0m [33mWRN[0m [1mNo rewardable topics found[0m [36mmodule=[0mrewards
[90m7:24PM[0m [32mINF[0m [1mfinalized block[0m [36mblock_app_hash=[0mDB050A60C6F94519E342A6EC963744AFB95C8EE818DC9053EFFA291355CB3CC1 [36mheight=[0m13 [36mmodule=[0mstate [36mnum_txs_res=[0m0 [36mnum_val_updates=[0m0
[90m7:24PM[0m [32mINF[0m [1mexecuted block[0m [36mapp_hash=[0mDB050A60C6F94519E342A6EC963744AFB95C8EE818DC9053EFFA291355CB3CC1 [36mheight=[0m13 [36mmodule=[0mstate
[90m7:24PM[0m [32mINF[0m [1mcommitted state[0m [36mblock_app_hash=[0m82FB00CB29E957E8319CE3586265C3717A41044D3F36313978AC9CF2DFF33AC3 [36mheight=[0m13 [36mmodule=[0mstate
[90m7:24PM[0m DBG SkimTopTopicsByWeightDesc took top 0 topics out of 0 [36mmodule=[0mrewards
[90m7:24PM[0m DBG Max rewards to distribute this epoch: 243055555555554 [36mmodule=[0mrewards
[90m7:24PM[0m DBG Rewardable topics: [] [36mmodule=[0mrewards
[90m7:24PM[0m [33mWRN[0m [1mNo rewardable topics found[0m [36mmodule=[0mrewards
[90m7:24PM[0m [32mINF[0m [1mfinalized block[0m [36mblock_app_hash=[0m2922A4F03790A452EA7525851B76950C64F8A637BC8A417788035016CB1B0820 [36mheight=[0m14 [36mmodule=[0mstate [36mnum_txs_res=[0m0 [36mnum_val_updates=[0m0
[90m7:24PM[0m [32mINF[0m [1mexecuted block[0m [36mapp_hash=[0m2922A4F03790A452EA7525851B76950C64F8A637BC8A417788035016CB1B0820 [36mheight=[0m14 [36mmodule=[0mstate
[90m7:24PM[0m [32mINF[0m [1mcommitted state[0m [36mblock_app_hash=[0mDB050A60C6F94519E342A6EC963744AFB95C8EE818DC9053EFFA291355CB3CC1 [36mheight=[0m14 [36mmodule=[0mstate
[90m7:24PM[0m DBG SkimTopTopicsByWeightDesc took top 0 topics out of 0 [36mmodule=[0mrewards
[90m7:24PM[0m DBG Max rewards to distribute this epoch: 260416666666665 [36mmodule=[0mrewards
[90m7:24PM[0m DBG Rewardable topics: [] [36mmodule=[0mrewards
[90m7:24PM[0m [33mWRN[0m [1mNo rewardable topics found[0m [36mmodule=[0mrewards
[90m7:24PM[0m [32mINF[0m [1mfinalized block[0m [36mblock_app_hash=[0m41ACDE5170EF8488C8F3E8D269C2D7D08FC0C61E62B488C9518D29E9A0FF8ACF [36mheight=[0m15 [36mmodule=[0mstate [36mnum_txs_res=[0m0 [36mnum_val_updates=[0m0
[90m7:24PM[0m [32mINF[0m [1mexecuted block[0m [36mapp_hash=[0m41ACDE5170EF8488C8F3E8D269C2D7D08FC0C61E62B488C9518D29E9A0FF8ACF [36mheight=[0m15 [36mmodule=[0mstate
[90m7:24PM[0m [32mINF[0m [1mcommitted state[0m [36mblock_app_hash=[0m2922A4F03790A452EA7525851B76950C64F8A637BC8A417788035016CB1B0820 [36mheight=[0m15 [36mmodule=[0mstate
[90m7:24PM[0m DBG SkimTopTopicsByWeightDesc took top 0 topics out of 0 [36mmodule=[0mrewards
[90m7:24PM[0m DBG Max rewards to distribute this epoch: 277777777777776 [36mmodule=[0mrewards
[90m7:24PM[0m DBG Rewardable topics: [] [36mmodule=[0mrewards
[90m7:24PM[0m [33mWRN[0m [1mNo rewardable topics found[0m [36mmodule=[0mrewards
[90m7:24PM[0m [32mINF[0m [1mfinalized block[0m [36mblock_app_hash=[0m638F7D5E928BACF6B50BCEE275D18ADB0D9AEA8D095040DC0BA1C6D0F3497D22 [36mheight=[0m16 [36mmodule=[0mstate [36mnum_txs_res=[0m0 [36mnum_val_updates=[0m0
[90m7:24PM[0m [32mINF[0m [1mexecuted block[0m [36mapp_hash=[0m638F7D5E928BACF6B50BCEE275D18ADB0D9AEA8D095040DC0BA1C6D0F3497D22 [36mheight=[0m16 [36mmodule=[0mstate
[90m7:24PM[0m [32mINF[0m [1mcommitted state[0m [36mblock_app_hash=[0m41ACDE5170EF8488C8F3E8D269C2D7D08FC0C61E62B488C9518D29E9A0FF8ACF [36mheight=[0m16 [36mmodule=[0mstate
[90m7:24PM[0m DBG SkimTopTopicsByWeightDesc took top 0 topics out of 0 [36mmodule=[0mrewards
[90m7:24PM[0m DBG Max rewards to distribute this epoch: 295138888888887 [36mmodule=[0mrewards
[90m7:24PM[0m DBG Rewardable topics: [] [36mmodule=[0mrewards
[90m7:24PM[0m [33mWRN[0m [1mNo rewardable topics found[0m [36mmodule=[0mrewards
[90m7:24PM[0m [32mINF[0m [1mfinalized block[0m [36mblock_app_hash=[0m416EA2BB67D04EB56E038725BE4FE2D571BF39B4B4E946316BFABD856436FE5A [36mheight=[0m17 [36mmodule=[0mstate [36mnum_txs_res=[0m0 [36mnum_val_updates=[0m0
[90m7:24PM[0m [32mINF[0m [1mexecuted block[0m [36mapp_hash=[0m416EA2BB67D04EB56E038725BE4FE2D571BF39B4B4E946316BFABD856436FE5A [36mheight=[0m17 [36mmodule=[0mstate
[90m7:24PM[0m [32mINF[0m [1mcommitted state[0m [36mblock_app_hash=[0m638F7D5E928BACF6B50BCEE275D18ADB0D9AEA8D095040DC0BA1C6D0F3497D22 [36mheight=[0m17 [36mmodule=[0mstate
[90m7:24PM[0m DBG SkimTopTopicsByWeightDesc took top 0 topics out of 0 [36mmodule=[0mrewards
[90m7:24PM[0m DBG Max rewards to distribute this epoch: 312499999999998 [36mmodule=[0mrewards
[90m7:24PM[0m DBG Rewardable topics: [] [36mmodule=[0mrewards
[90m7:24PM[0m [33mWRN[0m [1mNo rewardable topics found[0m [36mmodule=[0mrewards
[90m7:24PM[0m [32mINF[0m [1mfinalized block[0m [36mblock_app_hash=[0mCB2D4D01297263FBFB81A8F4588C82698F19E1A0A8211FF1E9F7BFAB7F456EDD [36mheight=[0m18 [36mmodule=[0mstate [36mnum_txs_res=[0m0 [36mnum_val_updates=[0m0
[90m7:24PM[0m [32mINF[0m [1mexecuted block[0m [36mapp_hash=[0mCB2D4D01297263FBFB81A8F4588C82698F19E1A0A8211FF1E9F7BFAB7F456EDD [36mheight=[0m18 [36mmodule=[0mstate
[90m7:24PM[0m [32mINF[0m [1mcommitted state[0m [36mblock_app_hash=[0m416EA2BB67D04EB56E038725BE4FE2D571BF39B4B4E946316BFABD856436FE5A [36mheight=[0m18 [36mmodule=[0mstate
[90m7:24PM[0m DBG SkimTopTopicsByWeightDesc took top 0 topics out of 0 [36mmodule=[0mrewards
[90m7:24PM[0m DBG Max rewards to distribute this epoch: 329861111111109 [36mmodule=[0mrewards
[90m7:24PM[0m DBG Rewardable topics: [] [36mmodule=[0mrewards
[90m7:24PM[0m [33mWRN[0m [1mNo rewardable topics found[0m [36mmodule=[0mrewards
[90m7:24PM[0m [32mINF[0m [1mfinalized block[0m [36mblock_app_hash=[0mA22813C9AEAFA4244722A8A732705433C12D1A86E664FBF53873FBCF02EFD0D1 [36mheight=[0m19 [36mmodule=[0mstate [36mnum_txs_res=[0m0 [36mnum_val_updates=[0m0
[90m7:24PM[0m [32mINF[0m [1mexecuted block[0m [36mapp_hash=[0mA22813C9AEAFA4244722A8A732705433C12D1A86E664FBF53873FBCF02EFD0D1 [36mheight=[0m19 [36mmodule=[0mstate
[90m7:24PM[0m [32mINF[0m [1mcommitted state[0m [36mblock_app_hash=[0mCB2D4D01297263FBFB81A8F4588C82698F19E1A0A8211FF1E9F7BFAB7F456EDD [36mheight=[0m19 [36mmodule=[0mstate
[90m7:25PM[0m DBG SkimTopTopicsByWeightDesc took top 0 topics out of 0 [36mmodule=[0mrewards
[90m7:25PM[0m DBG Max rewards to distribute this epoch: 347222222222220 [36mmodule=[0mrewards
[90m7:25PM[0m DBG Rewardable topics: [] [36mmodule=[0mrewards
[90m7:25PM[0m [33mWRN[0m [1mNo rewardable topics found[0m [36mmodule=[0mrewards
[90m7:25PM[0m [32mINF[0m [1mfinalized block[0m [36mblock_app_hash=[0mE3ADDCAC1A296855B66623939203B1588389FC2E1204B9B7F18B4664CEE50ACD [36mheight=[0m20 [36mmodule=[0mstate [36mnum_txs_res=[0m0 [36mnum_val_updates=[0m0
[90m7:25PM[0m [32mINF[0m [1mexecuted block[0m [36mapp_hash=[0mE3ADDCAC1A296855B66623939203B1588389FC2E1204B9B7F18B4664CEE50ACD [36mheight=[0m20 [36mmodule=[0mstate
[90m7:25PM[0m [32mINF[0m [1mcommitted state[0m [36mblock_app_hash=[0mA22813C9AEAFA4244722A8A732705433C12D1A86E664FBF53873FBCF02EFD0D1 [36mheight=[0m20 [36mmodule=[0mstate
[90m7:25PM[0m DBG SkimTopTopicsByWeightDesc took top 0 topics out of 0 [36mmodule=[0mrewards
[90m7:25PM[0m DBG Max rewards to distribute this epoch: 364583333333331 [36mmodule=[0mrewards
[90m7:25PM[0m DBG Rewardable topics: [] [36mmodule=[0mrewards
[90m7:25PM[0m [33mWRN[0m [1mNo rewardable topics found[0m [36mmodule=[0mrewards
[90m7:25PM[0m [32mINF[0m [1mfinalized block[0m [36mblock_app_hash=[0m1908133938146243EF3E8F010CB4E30BE9B300376E8810161DF33C007E5ECB8A [36mheight=[0m21 [36mmodule=[0mstate [36mnum_txs_res=[0m0 [36mnum_val_updates=[0m0
[90m7:25PM[0m [32mINF[0m [1mexecuted block[0m [36mapp_hash=[0m1908133938146243EF3E8F010CB4E30BE9B300376E8810161DF33C007E5ECB8A [36mheight=[0m21 [36mmodule=[0mstate
[90m7:25PM[0m [32mINF[0m [1mcommitted state[0m [36mblock_app_hash=[0mE3ADDCAC1A296855B66623939203B1588389FC2E1204B9B7F18B4664CEE50ACD [36mheight=[0m21 [36mmodule=[0mstate
[90m7:25PM[0m DBG SkimTopTopicsByWeightDesc took top 0 topics out of 0 [36mmodule=[0mrewards
[90m7:25PM[0m DBG Max rewards to distribute this epoch: 381944444444442 [36mmodule=[0mrewards
[90m7:25PM[0m DBG Rewardable topics: [] [36mmodule=[0mrewards
[90m7:25PM[0m [33mWRN[0m [1mNo rewardable topics found[0m [36mmodule=[0mrewards
[90m7:25PM[0m [32mINF[0m [1mfinalized block[0m [36mblock_app_hash=[0mB8054BEF115D1377833523EF4699E530A781901A23B6E5BFE928D4546D3AD099 [36mheight=[0m22 [36mmodule=[0mstate [36mnum_txs_res=[0m0 [36mnum_val_updates=[0m0
[90m7:25PM[0m [32mINF[0m [1mexecuted block[0m [36mapp_hash=[0mB8054BEF115D1377833523EF4699E530A781901A23B6E5BFE928D4546D3AD099 [36mheight=[0m22 [36mmodule=[0mstate
[90m7:25PM[0m [32mINF[0m [1mcommitted state[0m [36mblock_app_hash=[0m1908133938146243EF3E8F010CB4E30BE9B300376E8810161DF33C007E5ECB8A [36mheight=[0m22 [36mmodule=[0mstate
[90m7:25PM[0m DBG SkimTopTopicsByWeightDesc took top 0 topics out of 0 [36mmodule=[0mrewards
[90m7:25PM[0m DBG Max rewards to distribute this epoch: 399305555555553 [36mmodule=[0mrewards
[90m7:25PM[0m DBG Rewardable topics: [] [36mmodule=[0mrewards
[90m7:25PM[0m [33mWRN[0m [1mNo rewardable topics found[0m [36mmodule=[0mrewards
[90m7:25PM[0m [32mINF[0m [1mfinalized block[0m [36mblock_app_hash=[0m481077D3E08E699968FC1B9EE4C96440E6160B5BA5AB58CCBC402565529BCCE3 [36mheight=[0m23 [36mmodule=[0mstate [36mnum_txs_res=[0m0 [36mnum_val_updates=[0m0
[90m7:25PM[0m [32mINF[0m [1mexecuted block[0m [36mapp_hash=[0m481077D3E08E699968FC1B9EE4C96440E6160B5BA5AB58CCBC402565529BCCE3 [36mheight=[0m23 [36mmodule=[0mstate
[90m7:25PM[0m [32mINF[0m [1mcommitted state[0m [36mblock_app_hash=[0mB8054BEF115D1377833523EF4699E530A781901A23B6E5BFE928D4546D3AD099 [36mheight=[0m23 [36mmodule=[0mstate
[90m7:25PM[0m DBG SkimTopTopicsByWeightDesc took top 0 topics out of 0 [36mmodule=[0mrewards
[90m7:25PM[0m DBG Max rewards to distribute this epoch: 416666666666664 [36mmodule=[0mrewards
[90m7:25PM[0m DBG Rewardable topics: [] [36mmodule=[0mrewards
[90m7:25PM[0m [33mWRN[0m [1mNo rewardable topics found[0m [36mmodule=[0mrewards
[90m7:25PM[0m [32mINF[0m [1mfinalized block[0m [36mblock_app_hash=[0mB5D781A703EA859C571D59C270AAB0686E41759110F565D0B18C5D4229641571 [36mheight=[0m24 [36mmodule=[0mstate [36mnum_txs_res=[0m0 [36mnum_val_updates=[0m0
[90m7:25PM[0m [32mINF[0m [1mexecuted block[0m [36mapp_hash=[0mB5D781A703EA859C571D59C270AAB0686E41759110F565D0B18C5D4229641571 [36mheight=[0m24 [36mmodule=[0mstate
[90m7:25PM[0m [32mINF[0m [1mcommitted state[0m [36mblock_app_hash=[0m481077D3E08E699968FC1B9EE4C96440E6160B5BA5AB58CCBC402565529BCCE3 [36mheight=[0m24 [36mmodule=[0mstate
[90m7:25PM[0m DBG SkimTopTopicsByWeightDesc took top 0 topics out of 0 [36mmodule=[0mrewards
[90m7:25PM[0m DBG Max rewards to distribute this epoch: 434027777777775 [36mmodule=[0mrewards
[90m7:25PM[0m DBG Rewardable topics: [] [36mmodule=[0mrewards
[90m7:25PM[0m [33mWRN[0m [1mNo rewardable topics found[0m [36mmodule=[0mrewards
[90m7:25PM[0m [32mINF[0m [1mfinalized block[0m [36mblock_app_hash=[0mB4C927DF94EF6CED6EE67103BFADEB68B63FEC17FA1D3AD39053D2C527EC76FD [36mheight=[0m25 [36mmodule=[0mstate [36mnum_txs_res=[0m0 [36mnum_val_updates=[0m0
[90m7:25PM[0m [32mINF[0m [1mexecuted block[0m [36mapp_hash=[0mB4C927DF94EF6CED6EE67103BFADEB68B63FEC17FA1D3AD39053D2C527EC76FD [36mheight=[0m25 [36mmodule=[0mstate
[90m7:25PM[0m [32mINF[0m [1mcommitted state[0m [36mblock_app_hash=[0mB5D781A703EA859C571D59C270AAB0686E41759110F565D0B18C5D4229641571 [36mheight=[0m25 [36mmodule=[0mstate
[90m7:25PM[0m DBG SkimTopTopicsByWeightDesc took top 0 topics out of 0 [36mmodule=[0mrewards
[90m7:25PM[0m DBG Max rewards to distribute this epoch: 451388888888886 [36mmodule=[0mrewards
[90m7:25PM[0m DBG Rewardable topics: [] [36mmodule=[0mrewards
[90m7:25PM[0m [33mWRN[0m [1mNo rewardable topics found[0m [36mmodule=[0mrewards
[90m7:25PM[0m [32mINF[0m [1mfinalized block[0m [36mblock_app_hash=[0m2AB54AD99390BCF4ECB67CA62F050D24CF1A116607FCF4F0517CE580C9024DD3 [36mheight=[0m26 [36mmodule=[0mstate [36mnum_txs_res=[0m0 [36mnum_val_updates=[0m0
[90m7:25PM[0m [32mINF[0m [1mexecuted block[0m [36mapp_hash=[0m2AB54AD99390BCF4ECB67CA62F050D24CF1A116607FCF4F0517CE580C9024DD3 [36mheight=[0m26 [36mmodule=[0mstate
[90m7:25PM[0m [32mINF[0m [1mcommitted state[0m [36mblock_app_hash=[0mB4C927DF94EF6CED6EE67103BFADEB68B63FEC17FA1D3AD39053D2C527EC76FD [36mheight=[0m26 [36mmodule=[0mstate
[90m7:25PM[0m DBG SkimTopTopicsByWeightDesc took top 0 topics out of 0 [36mmodule=[0mrewards
[90m7:25PM[0m DBG Max rewards to distribute this epoch: 468749999999997 [36mmodule=[0mrewards
[90m7:25PM[0m DBG Rewardable topics: [] [36mmodule=[0mrewards
[90m7:25PM[0m [33mWRN[0m [1mNo rewardable topics found[0m [36mmodule=[0mrewards
[90m7:25PM[0m [32mINF[0m [1mfinalized block[0m [36mblock_app_hash=[0mAA4909880465D532D37BD6EB988F10E2CA43DCAFF2DED2458E9197AC9CBB721C [36mheight=[0m27 [36mmodule=[0mstate [36mnum_txs_res=[0m0 [36mnum_val_updates=[0m0
[90m7:25PM[0m [32mINF[0m [1mexecuted block[0m [36mapp_hash=[0mAA4909880465D532D37BD6EB988F10E2CA43DCAFF2DED2458E9197AC9CBB721C [36mheight=[0m27 [36mmodule=[0mstate
[90m7:25PM[0m [32mINF[0m [1mcommitted state[0m [36mblock_app_hash=[0m2AB54AD99390BCF4ECB67CA62F050D24CF1A116607FCF4F0517CE580C9024DD3 [36mheight=[0m27 [36mmodule=[0mstate
[90m7:25PM[0m DBG SkimTopTopicsByWeightDesc took top 0 topics out of 0 [36mmodule=[0mrewards
[90m7:25PM[0m DBG Max rewards to distribute this epoch: 486111111111108 [36mmodule=[0mrewards
[90m7:25PM[0m DBG Rewardable topics: [] [36mmodule=[0mrewards
[90m7:25PM[0m [33mWRN[0m [1mNo rewardable topics found[0m [36mmodule=[0mrewards
[90m7:25PM[0m [32mINF[0m [1mfinalized block[0m [36mblock_app_hash=[0m4B502A1980B8AA94EE6DE19DA48406BC12CF968053C608EE938687819A088B5D [36mheight=[0m28 [36mmodule=[0mstate [36mnum_txs_res=[0m0 [36mnum_val_updates=[0m0
[90m7:25PM[0m [32mINF[0m [1mexecuted block[0m [36mapp_hash=[0m4B502A1980B8AA94EE6DE19DA48406BC12CF968053C608EE938687819A088B5D [36mheight=[0m28 [36mmodule=[0mstate
[90m7:25PM[0m [32mINF[0m [1mcommitted state[0m [36mblock_app_hash=[0mAA4909880465D532D37BD6EB988F10E2CA43DCAFF2DED2458E9197AC9CBB721C [36mheight=[0m28 [36mmodule=[0mstate
[90m7:25PM[0m DBG SkimTopTopicsByWeightDesc took top 0 topics out of 0 [36mmodule=[0mrewards
[90m7:25PM[0m DBG Max rewards to distribute this epoch: 503472222222219 [36mmodule=[0mrewards
[90m7:25PM[0m DBG Rewardable topics: [] [36mmodule=[0mrewards
[90m7:25PM[0m [33mWRN[0m [1mNo rewardable topics found[0m [36mmodule=[0mrewards
[90m7:25PM[0m [32mINF[0m [1mfinalized block[0m [36mblock_app_hash=[0mAAB54C18E6B4408694DDDB50F7FA767ABE94EE7D3BD901A53871B4298E798C1E [36mheight=[0m29 [36mmodule=[0mstate [36mnum_txs_res=[0m0 [36mnum_val_updates=[0m0
[90m7:25PM[0m [32mINF[0m [1mexecuted block[0m [36mapp_hash=[0mAAB54C18E6B4408694DDDB50F7FA767ABE94EE7D3BD901A53871B4298E798C1E [36mheight=[0m29 [36mmodule=[0mstate
[90m7:25PM[0m [32mINF[0m [1mcommitted state[0m [36mblock_app_hash=[0m4B502A1980B8AA94EE6DE19DA48406BC12CF968053C608EE938687819A088B5D [36mheight=[0m29 [36mmodule=[0mstate
[90m7:25PM[0m DBG SkimTopTopicsByWeightDesc took top 0 topics out of 0 [36mmodule=[0mrewards
[90m7:25PM[0m DBG Max rewards to distribute this epoch: 520833333333330 [36mmodule=[0mrewards
[90m7:25PM[0m DBG Rewardable topics: [] [36mmodule=[0mrewards
[90m7:25PM[0m [33mWRN[0m [1mNo rewardable topics found[0m [36mmodule=[0mrewards
[90m7:25PM[0m [32mINF[0m [1mfinalized block[0m [36mblock_app_hash=[0m6C5B924B139A82FD4AB2217C531AD59E5D8A37CA3755A7D9DD143E8FDD8A9D43 [36mheight=[0m30 [36mmodule=[0mstate [36mnum_txs_res=[0m0 [36mnum_val_updates=[0m0
[90m7:25PM[0m [32mINF[0m [1mexecuted block[0m [36mapp_hash=[0m6C5B924B139A82FD4AB2217C531AD59E5D8A37CA3755A7D9DD143E8FDD8A9D43 [36mheight=[0m30 [36mmodule=[0mstate
[90m7:25PM[0m [32mINF[0m [1mcommitted state[0m [36mblock_app_hash=[0mAAB54C18E6B4408694DDDB50F7FA767ABE94EE7D3BD901A53871B4298E798C1E [36mheight=[0m30 [36mmodule=[0mstate
[90m7:25PM[0m DBG SkimTopTopicsByWeightDesc took top 0 topics out of 0 [36mmodule=[0mrewards
[90m7:25PM[0m DBG Max rewards to distribute this epoch: 538194444444441 [36mmodule=[0mrewards
[90m7:25PM[0m DBG Rewardable topics: [] [36mmodule=[0mrewards
[90m7:25PM[0m [33mWRN[0m [1mNo rewardable topics found[0m [36mmodule=[0mrewards
[90m7:25PM[0m [32mINF[0m [1mfinalized block[0m [36mblock_app_hash=[0mAB042D6B40D02F4AB6044C0556190952BBDE1E16BE6B854BBAA5BBC80C59A0F7 [36mheight=[0m31 [36mmodule=[0mstate [36mnum_txs_res=[0m0 [36mnum_val_updates=[0m0
[90m7:25PM[0m [32mINF[0m [1mexecuted block[0m [36mapp_hash=[0mAB042D6B40D02F4AB6044C0556190952BBDE1E16BE6B854BBAA5BBC80C59A0F7 [36mheight=[0m31 [36mmodule=[0mstate
[90m7:25PM[0m [32mINF[0m [1mcommitted state[0m [36mblock_app_hash=[0m6C5B924B139A82FD4AB2217C531AD59E5D8A37CA3755A7D9DD143E8FDD8A9D43 [36mheight=[0m31 [36mmodule=[0mstate
[90m7:25PM[0m DBG SkimTopTopicsByWeightDesc took top 0 topics out of 0 [36mmodule=[0mrewards
[90m7:25PM[0m DBG Max rewards to distribute this epoch: 555555555555552 [36mmodule=[0mrewards
[90m7:25PM[0m DBG Rewardable topics: [] [36mmodule=[0mrewards
[90m7:25PM[0m [33mWRN[0m [1mNo rewardable topics found[0m [36mmodule=[0mrewards
[90m7:25PM[0m [32mINF[0m [1mfinalized block[0m [36mblock_app_hash=[0mF290247BBFFE3D00BB9B213A75D7240C1CF32CA8A405F80E6B80F22E02F15646 [36mheight=[0m32 [36mmodule=[0mstate [36mnum_txs_res=[0m0 [36mnum_val_updates=[0m0
[90m7:25PM[0m [32mINF[0m [1mexecuted block[0m [36mapp_hash=[0mF290247BBFFE3D00BB9B213A75D7240C1CF32CA8A405F80E6B80F22E02F15646 [36mheight=[0m32 [36mmodule=[0mstate
[90m7:25PM[0m [32mINF[0m [1mcommitted state[0m [36mblock_app_hash=[0mAB042D6B40D02F4AB6044C0556190952BBDE1E16BE6B854BBAA5BBC80C59A0F7 [36mheight=[0m32 [36mmodule=[0mstate
[90m7:25PM[0m DBG SkimTopTopicsByWeightDesc took top 0 topics out of 0 [36mmodule=[0mrewards
[90m7:25PM[0m DBG Max rewards to distribute this epoch: 572916666666663 [36mmodule=[0mrewards
[90m7:25PM[0m DBG Rewardable topics: [] [36mmodule=[0mrewards
[90m7:25PM[0m [33mWRN[0m [1mNo rewardable topics found[0m [36mmodule=[0mrewards
[90m7:25PM[0m [32mINF[0m [1mfinalized block[0m [36mblock_app_hash=[0m8A15EE6FF787A219EBABE54D6D473D4B488ADD293051CC265685D401F650B851 [36mheight=[0m33 [36mmodule=[0mstate [36mnum_txs_res=[0m0 [36mnum_val_updates=[0m0
[90m7:25PM[0m [32mINF[0m [1mexecuted block[0m [36mapp_hash=[0m8A15EE6FF787A219EBABE54D6D473D4B488ADD293051CC265685D401F650B851 [36mheight=[0m33 [36mmodule=[0mstate
[90m7:25PM[0m [32mINF[0m [1mcommitted state[0m [36mblock_app_hash=[0mF290247BBFFE3D00BB9B213A75D7240C1CF32CA8A405F80E6B80F22E02F15646 [36mheight=[0m33 [36mmodule=[0mstate
[90m7:25PM[0m DBG SkimTopTopicsByWeightDesc took top 0 topics out of 0 [36mmodule=[0mrewards
[90m7:25PM[0m DBG Max rewards to distribute this epoch: 590277777777774 [36mmodule=[0mrewards
[90m7:25PM[0m DBG Rewardable topics: [] [36mmodule=[0mrewards
[90m7:25PM[0m [33mWRN[0m [1mNo rewardable topics found[0m [36mmodule=[0mrewards
[90m7:25PM[0m [32mINF[0m [1mfinalized block[0m [36mblock_app_hash=[0m635BC7E06FF1027D1B0B41CEDE3DE291BE2FE21D908C102AA8C5FF17B9972944 [36mheight=[0m34 [36mmodule=[0mstate [36mnum_txs_res=[0m0 [36mnum_val_updates=[0m0
[90m7:25PM[0m [32mINF[0m [1mexecuted block[0m [36mapp_hash=[0m635BC7E06FF1027D1B0B41CEDE3DE291BE2FE21D908C102AA8C5FF17B9972944 [36mheight=[0m34 [36mmodule=[0mstate
[90m7:25PM[0m [32mINF[0m [1mcommitted state[0m [36mblock_app_hash=[0m8A15EE6FF787A219EBABE54D6D473D4B488ADD293051CC265685D401F650B851 [36mheight=[0m34 [36mmodule=[0mstate
[90m7:25PM[0m DBG SkimTopTopicsByWeightDesc took top 0 topics out of 0 [36mmodule=[0mrewards
[90m7:25PM[0m DBG Max rewards to distribute this epoch: 607638888888885 [36mmodule=[0mrewards
[90m7:25PM[0m DBG Rewardable topics: [] [36mmodule=[0mrewards
[90m7:25PM[0m [33mWRN[0m [1mNo rewardable topics found[0m [36mmodule=[0mrewards
[90m7:25PM[0m [32mINF[0m [1mfinalized block[0m [36mblock_app_hash=[0mB7D207B281B0A4683A79CF5AC9686AE142F9D2810B7E3EDF84DEA89F224BCE04 [36mheight=[0m35 [36mmodule=[0mstate [36mnum_txs_res=[0m0 [36mnum_val_updates=[0m0
[90m7:25PM[0m [32mINF[0m [1mexecuted block[0m [36mapp_hash=[0mB7D207B281B0A4683A79CF5AC9686AE142F9D2810B7E3EDF84DEA89F224BCE04 [36mheight=[0m35 [36mmodule=[0mstate
[90m7:25PM[0m [32mINF[0m [1mcommitted state[0m [36mblock_app_hash=[0m635BC7E06FF1027D1B0B41CEDE3DE291BE2FE21D908C102AA8C5FF17B9972944 [36mheight=[0m35 [36mmodule=[0mstate
[90m7:25PM[0m DBG SkimTopTopicsByWeightDesc took top 0 topics out of 0 [36mmodule=[0mrewards
[90m7:25PM[0m DBG Max rewards to distribute this epoch: 624999999999996 [36mmodule=[0mrewards
[90m7:25PM[0m DBG Rewardable topics: [] [36mmodule=[0mrewards
[90m7:25PM[0m [33mWRN[0m [1mNo rewardable topics found[0m [36mmodule=[0mrewards
[90m7:25PM[0m [32mINF[0m [1mfinalized block[0m [36mblock_app_hash=[0m8CCE6DC4696AA13B33B8193F7E1DDC1D3D2D6D65830ED98147BF7010B6919E2F [36mheight=[0m36 [36mmodule=[0mstate [36mnum_txs_res=[0m0 [36mnum_val_updates=[0m0
[90m7:25PM[0m [32mINF[0m [1mexecuted block[0m [36mapp_hash=[0m8CCE6DC4696AA13B33B8193F7E1DDC1D3D2D6D65830ED98147BF7010B6919E2F [36mheight=[0m36 [36mmodule=[0mstate
[90m7:25PM[0m [32mINF[0m [1mcommitted state[0m [36mblock_app_hash=[0mB7D207B281B0A4683A79CF5AC9686AE142F9D2810B7E3EDF84DEA89F224BCE04 [36mheight=[0m36 [36mmodule=[0mstate
[90m7:25PM[0m DBG SkimTopTopicsByWeightDesc took top 0 topics out of 0 [36mmodule=[0mrewards
[90m7:25PM[0m DBG Max rewards to distribute this epoch: 642361111111107 [36mmodule=[0mrewards
[90m7:25PM[0m DBG Rewardable topics: [] [36mmodule=[0mrewards
[90m7:25PM[0m [33mWRN[0m [1mNo rewardable topics found[0m [36mmodule=[0mrewards
[90m7:25PM[0m [32mINF[0m [1mfinalized block[0m [36mblock_app_hash=[0mD37ACB4206994AD5959FBD9821E9FA86044A3CD051CBBF718D835C2F107E36B1 [36mheight=[0m37 [36mmodule=[0mstate [36mnum_txs_res=[0m0 [36mnum_val_updates=[0m0
[90m7:25PM[0m [32mINF[0m [1mexecuted block[0m [36mapp_hash=[0mD37ACB4206994AD5959FBD9821E9FA86044A3CD051CBBF718D835C2F107E36B1 [36mheight=[0m37 [36mmodule=[0mstate
[90m7:25PM[0m [32mINF[0m [1mcommitted state[0m [36mblock_app_hash=[0m8CCE6DC4696AA13B33B8193F7E1DDC1D3D2D6D65830ED98147BF7010B6919E2F [36mheight=[0m37 [36mmodule=[0mstate
[90m7:25PM[0m DBG SkimTopTopicsByWeightDesc took top 0 topics out of 0 [36mmodule=[0mrewards
[90m7:25PM[0m DBG Max rewards to distribute this epoch: 659722222222218 [36mmodule=[0mrewards
[90m7:25PM[0m DBG Rewardable topics: [] [36mmodule=[0mrewards
[90m7:25PM[0m [33mWRN[0m [1mNo rewardable topics found[0m [36mmodule=[0mrewards
[90m7:25PM[0m [32mINF[0m [1mfinalized block[0m [36mblock_app_hash=[0m3C7303170EB52B424AA59561123AC476368D59A46A5D63F43A72EFCE31E41C70 [36mheight=[0m38 [36mmodule=[0mstate [36mnum_txs_res=[0m0 [36mnum_val_updates=[0m0
[90m7:25PM[0m [32mINF[0m [1mexecuted block[0m [36mapp_hash=[0m3C7303170EB52B424AA59561123AC476368D59A46A5D63F43A72EFCE31E41C70 [36mheight=[0m38 [36mmodule=[0mstate
[90m7:25PM[0m [32mINF[0m [1mcommitted state[0m [36mblock_app_hash=[0mD37ACB4206994AD5959FBD9821E9FA86044A3CD051CBBF718D835C2F107E36B1 [36mheight=[0m38 [36mmodule=[0mstate
[90m7:25PM[0m DBG SkimTopTopicsByWeightDesc took top 0 topics out of 0 [36mmodule=[0mrewards
[90m7:25PM[0m DBG Max rewards to distribute this epoch: 677083333333329 [36mmodule=[0mrewards
[90m7:25PM[0m DBG Rewardable topics: [] [36mmodule=[0mrewards
[90m7:25PM[0m [33mWRN[0m [1mNo rewardable topics found[0m [36mmodule=[0mrewards
[90m7:25PM[0m [32mINF[0m [1mfinalized block[0m [36mblock_app_hash=[0m9256B648134FFCEEC4484E997CB7F7289B70DD9413F38354129498B2E310E3AE [36mheight=[0m39 [36mmodule=[0mstate [36mnum_txs_res=[0m0 [36mnum_val_updates=[0m0
[90m7:25PM[0m [32mINF[0m [1mexecuted block[0m [36mapp_hash=[0m9256B648134FFCEEC4484E997CB7F7289B70DD9413F38354129498B2E310E3AE [36mheight=[0m39 [36mmodule=[0mstate
[90m7:25PM[0m [32mINF[0m [1mcommitted state[0m [36mblock_app_hash=[0m3C7303170EB52B424AA59561123AC476368D59A46A5D63F43A72EFCE31E41C70 [36mheight=[0m39 [36mmodule=[0mstate
[90m7:26PM[0m DBG SkimTopTopicsByWeightDesc took top 0 topics out of 0 [36mmodule=[0mrewards
[90m7:26PM[0m DBG Max rewards to distribute this epoch: 694444444444440 [36mmodule=[0mrewards
[90m7:26PM[0m DBG Rewardable topics: [] [36mmodule=[0mrewards
[90m7:26PM[0m [33mWRN[0m [1mNo rewardable topics found[0m [36mmodule=[0mrewards
[90m7:26PM[0m [32mINF[0m [1mfinalized block[0m [36mblock_app_hash=[0mB996FF1739F49E13CBFA685C744A1212342A5AF90A5EDD11BAE66DF7A0FC1054 [36mheight=[0m40 [36mmodule=[0mstate [36mnum_txs_res=[0m0 [36mnum_val_updates=[0m0
[90m7:26PM[0m [32mINF[0m [1mexecuted block[0m [36mapp_hash=[0mB996FF1739F49E13CBFA685C744A1212342A5AF90A5EDD11BAE66DF7A0FC1054 [36mheight=[0m40 [36mmodule=[0mstate
[90m7:26PM[0m [32mINF[0m [1mcommitted state[0m [36mblock_app_hash=[0m9256B648134FFCEEC4484E997CB7F7289B70DD9413F38354129498B2E310E3AE [36mheight=[0m40 [36mmodule=[0mstate
[90m7:26PM[0m DBG SkimTopTopicsByWeightDesc took top 0 topics out of 0 [36mmodule=[0mrewards
[90m7:26PM[0m DBG Max rewards to distribute this epoch: 711805555555551 [36mmodule=[0mrewards
[90m7:26PM[0m DBG Rewardable topics: [] [36mmodule=[0mrewards
[90m7:26PM[0m [33mWRN[0m [1mNo rewardable topics found[0m [36mmodule=[0mrewards
[90m7:26PM[0m [32mINF[0m [1mfinalized block[0m [36mblock_app_hash=[0mFBF7B3204EAFB786AB2CE0E7D86EB82A0D9EE2E4B2B3595BDDD29FEE67E8F530 [36mheight=[0m41 [36mmodule=[0mstate [36mnum_txs_res=[0m0 [36mnum_val_updates=[0m0
[90m7:26PM[0m [32mINF[0m [1mexecuted block[0m [36mapp_hash=[0mFBF7B3204EAFB786AB2CE0E7D86EB82A0D9EE2E4B2B3595BDDD29FEE67E8F530 [36mheight=[0m41 [36mmodule=[0mstate
[90m7:26PM[0m [32mINF[0m [1mcommitted state[0m [36mblock_app_hash=[0mB996FF1739F49E13CBFA685C744A1212342A5AF90A5EDD11BAE66DF7A0FC1054 [36mheight=[0m41 [36mmodule=[0mstate
[90m7:26PM[0m DBG SkimTopTopicsByWeightDesc took top 0 topics out of 0 [36mmodule=[0mrewards
[90m7:26PM[0m DBG Max rewards to distribute this epoch: 729166666666662 [36mmodule=[0mrewards
[90m7:26PM[0m DBG Rewardable topics: [] [36mmodule=[0mrewards
[90m7:26PM[0m [33mWRN[0m [1mNo rewardable topics found[0m [36mmodule=[0mrewards
[90m7:26PM[0m [32mINF[0m [1mfinalized block[0m [36mblock_app_hash=[0mBC91C8D40190B013A51D62EF3B288E808C9AEC6881009DE58B43027835B21C54 [36mheight=[0m42 [36mmodule=[0mstate [36mnum_txs_res=[0m0 [36mnum_val_updates=[0m0
[90m7:26PM[0m [32mINF[0m [1mexecuted block[0m [36mapp_hash=[0mBC91C8D40190B013A51D62EF3B288E808C9AEC6881009DE58B43027835B21C54 [36mheight=[0m42 [36mmodule=[0mstate
[90m7:26PM[0m [32mINF[0m [1mcommitted state[0m [36mblock_app_hash=[0mFBF7B3204EAFB786AB2CE0E7D86EB82A0D9EE2E4B2B3595BDDD29FEE67E8F530 [36mheight=[0m42 [36mmodule=[0mstate
[90m7:26PM[0m DBG SkimTopTopicsByWeightDesc took top 0 topics out of 0 [36mmodule=[0mrewards
[90m7:26PM[0m DBG Max rewards to distribute this epoch: 746527777777773 [36mmodule=[0mrewards
[90m7:26PM[0m DBG Rewardable topics: [] [36mmodule=[0mrewards
[90m7:26PM[0m [33mWRN[0m [1mNo rewardable topics found[0m [36mmodule=[0mrewards
[90m7:26PM[0m [32mINF[0m [1mfinalized block[0m [36mblock_app_hash=[0mB5B9A8FD5DC9C393623BDBA4B08797569703B5CFC960B4200C899F316DC0289E [36mheight=[0m43 [36mmodule=[0mstate [36mnum_txs_res=[0m0 [36mnum_val_updates=[0m0
[90m7:26PM[0m [32mINF[0m [1mexecuted block[0m [36mapp_hash=[0mB5B9A8FD5DC9C393623BDBA4B08797569703B5CFC960B4200C899F316DC0289E [36mheight=[0m43 [36mmodule=[0mstate
[90m7:26PM[0m [32mINF[0m [1mcommitted state[0m [36mblock_app_hash=[0mBC91C8D40190B013A51D62EF3B288E808C9AEC6881009DE58B43027835B21C54 [36mheight=[0m43 [36mmodule=[0mstate
[90m7:26PM[0m DBG SkimTopTopicsByWeightDesc took top 0 topics out of 0 [36mmodule=[0mrewards
[90m7:26PM[0m DBG Max rewards to distribute this epoch: 763888888888884 [36mmodule=[0mrewards
[90m7:26PM[0m DBG Rewardable topics: [] [36mmodule=[0mrewards
[90m7:26PM[0m [33mWRN[0m [1mNo rewardable topics found[0m [36mmodule=[0mrewards
[90m7:26PM[0m [32mINF[0m [1mfinalized block[0m [36mblock_app_hash=[0m70B9F1071F9619E97B6EE63B871728209C424A31CCE2FFF110F55ED930B55150 [36mheight=[0m44 [36mmodule=[0mstate [36mnum_txs_res=[0m0 [36mnum_val_updates=[0m0
[90m7:26PM[0m [32mINF[0m [1mexecuted block[0m [36mapp_hash=[0m70B9F1071F9619E97B6EE63B871728209C424A31CCE2FFF110F55ED930B55150 [36mheight=[0m44 [36mmodule=[0mstate
[90m7:26PM[0m [32mINF[0m [1mcommitted state[0m [36mblock_app_hash=[0mB5B9A8FD5DC9C393623BDBA4B08797569703B5CFC960B4200C899F316DC0289E [36mheight=[0m44 [36mmodule=[0mstate
[90m7:26PM[0m DBG SkimTopTopicsByWeightDesc took top 0 topics out of 0 [36mmodule=[0mrewards
[90m7:26PM[0m DBG Max rewards to distribute this epoch: 781249999999995 [36mmodule=[0mrewards
[90m7:26PM[0m DBG Rewardable topics: [] [36mmodule=[0mrewards
[90m7:26PM[0m [33mWRN[0m [1mNo rewardable topics found[0m [36mmodule=[0mrewards
[90m7:26PM[0m [32mINF[0m [1mfinalized block[0m [36mblock_app_hash=[0mE26E4C160445FD96939D3F646D5BF213C6A56253B6F55387F26BF5FDAB7EEA9B [36mheight=[0m45 [36mmodule=[0mstate [36mnum_txs_res=[0m0 [36mnum_val_updates=[0m0
[90m7:26PM[0m [32mINF[0m [1mexecuted block[0m [36mapp_hash=[0mE26E4C160445FD96939D3F646D5BF213C6A56253B6F55387F26BF5FDAB7EEA9B [36mheight=[0m45 [36mmodule=[0mstate
[90m7:26PM[0m [32mINF[0m [1mcommitted state[0m [36mblock_app_hash=[0m70B9F1071F9619E97B6EE63B871728209C424A31CCE2FFF110F55ED930B55150 [36mheight=[0m45 [36mmodule=[0mstate
[90m7:26PM[0m DBG SkimTopTopicsByWeightDesc took top 0 topics out of 0 [36mmodule=[0mrewards
[90m7:26PM[0m DBG Max rewards to distribute this epoch: 798611111111106 [36mmodule=[0mrewards
[90m7:26PM[0m DBG Rewardable topics: [] [36mmodule=[0mrewards
[90m7:26PM[0m [33mWRN[0m [1mNo rewardable topics found[0m [36mmodule=[0mrewards
[90m7:26PM[0m [32mINF[0m [1mfinalized block[0m [36mblock_app_hash=[0mA992595E97856CCAD3B90224F97F347613FD729408BD95D7CE1893ED4B7D90B2 [36mheight=[0m46 [36mmodule=[0mstate [36mnum_txs_res=[0m0 [36mnum_val_updates=[0m0
[90m7:26PM[0m [32mINF[0m [1mexecuted block[0m [36mapp_hash=[0mA992595E97856CCAD3B90224F97F347613FD729408BD95D7CE1893ED4B7D90B2 [36mheight=[0m46 [36mmodule=[0mstate
[90m7:26PM[0m [32mINF[0m [1mcommitted state[0m [36mblock_app_hash=[0mE26E4C160445FD96939D3F646D5BF213C6A56253B6F55387F26BF5FDAB7EEA9B [36mheight=[0m46 [36mmodule=[0mstate
[90m7:26PM[0m DBG SkimTopTopicsByWeightDesc took top 0 topics out of 0 [36mmodule=[0mrewards
[90m7:26PM[0m DBG Max rewards to distribute this epoch: 815972222222217 [36mmodule=[0mrewards
[90m7:26PM[0m DBG Rewardable topics: [] [36mmodule=[0mrewards
[90m7:26PM[0m [33mWRN[0m [1mNo rewardable topics found[0m [36mmodule=[0mrewards
[90m7:26PM[0m [32mINF[0m [1mfinalized block[0m [36mblock_app_hash=[0m78DF91CA03089002E30DA6657776822DEE132C8E55788074A79F399B9570E460 [36mheight=[0m47 [36mmodule=[0mstate [36mnum_txs_res=[0m0 [36mnum_val_updates=[0m0
[90m7:26PM[0m [32mINF[0m [1mexecuted block[0m [36mapp_hash=[0m78DF91CA03089002E30DA6657776822DEE132C8E55788074A79F399B9570E460 [36mheight=[0m47 [36mmodule=[0mstate
[90m7:26PM[0m [32mINF[0m [1mcommitted state[0m [36mblock_app_hash=[0mA992595E97856CCAD3B90224F97F347613FD729408BD95D7CE1893ED4B7D90B2 [36mheight=[0m47 [36mmodule=[0mstate
[90m7:26PM[0m DBG SkimTopTopicsByWeightDesc took top 0 topics out of 0 [36mmodule=[0mrewards
[90m7:26PM[0m DBG Max rewards to distribute this epoch: 833333333333328 [36mmodule=[0mrewards
[90m7:26PM[0m DBG Rewardable topics: [] [36mmodule=[0mrewards
[90m7:26PM[0m [33mWRN[0m [1mNo rewardable topics found[0m [36mmodule=[0mrewards
[90m7:26PM[0m [32mINF[0m [1mfinalized block[0m [36mblock_app_hash=[0m389E1F19C6A2D44B033ED5FD86D7475CCE6EF043DB816A2445BA32C047A88675 [36mheight=[0m48 [36mmodule=[0mstate [36mnum_txs_res=[0m0 [36mnum_val_updates=[0m0
[90m7:26PM[0m [32mINF[0m [1mexecuted block[0m [36mapp_hash=[0m389E1F19C6A2D44B033ED5FD86D7475CCE6EF043DB816A2445BA32C047A88675 [36mheight=[0m48 [36mmodule=[0mstate
[90m7:26PM[0m [32mINF[0m [1mcommitted state[0m [36mblock_app_hash=[0m78DF91CA03089002E30DA6657776822DEE132C8E55788074A79F399B9570E460 [36mheight=[0m48 [36mmodule=[0mstate
[90m7:26PM[0m DBG SkimTopTopicsByWeightDesc took top 0 topics out of 0 [36mmodule=[0mrewards
[90m7:26PM[0m DBG Max rewards to distribute this epoch: 850694444444439 [36mmodule=[0mrewards
[90m7:26PM[0m DBG Rewardable topics: [] [36mmodule=[0mrewards
[90m7:26PM[0m [33mWRN[0m [1mNo rewardable topics found[0m [36mmodule=[0mrewards
[90m7:26PM[0m [32mINF[0m [1mfinalized block[0m [36mblock_app_hash=[0mD56A6AF609F3A9E10FC2E35B9895701145E8286AA2726652C769C38E6B274891 [36mheight=[0m49 [36mmodule=[0mstate [36mnum_txs_res=[0m0 [36mnum_val_updates=[0m0
[90m7:26PM[0m [32mINF[0m [1mexecuted block[0m [36mapp_hash=[0mD56A6AF609F3A9E10FC2E35B9895701145E8286AA2726652C769C38E6B274891 [36mheight=[0m49 [36mmodule=[0mstate
[90m7:26PM[0m [32mINF[0m [1mcommitted state[0m [36mblock_app_hash=[0m389E1F19C6A2D44B033ED5FD86D7475CCE6EF043DB816A2445BA32C047A88675 [36mheight=[0m49 [36mmodule=[0mstate
[90m7:26PM[0m DBG SkimTopTopicsByWeightDesc took top 0 topics out of 0 [36mmodule=[0mrewards
[90m7:26PM[0m DBG Max rewards to distribute this epoch: 868055555555550 [36mmodule=[0mrewards
[90m7:26PM[0m DBG Rewardable topics: [] [36mmodule=[0mrewards
[90m7:26PM[0m [33mWRN[0m [1mNo rewardable topics found[0m [36mmodule=[0mrewards
[90m7:26PM[0m [32mINF[0m [1mfinalized block[0m [36mblock_app_hash=[0m4FF80F8F0ABAE77070F5AC52A5652CF5A5CDB60B94C9F5F5497B6E9BA14DCEA6 [36mheight=[0m50 [36mmodule=[0mstate [36mnum_txs_res=[0m0 [36mnum_val_updates=[0m0
[90m7:26PM[0m [32mINF[0m [1mexecuted block[0m [36mapp_hash=[0m4FF80F8F0ABAE77070F5AC52A5652CF5A5CDB60B94C9F5F5497B6E9BA14DCEA6 [36mheight=[0m50 [36mmodule=[0mstate
[90m7:26PM[0m [32mINF[0m [1mcommitted state[0m [36mblock_app_hash=[0mD56A6AF609F3A9E10FC2E35B9895701145E8286AA2726652C769C38E6B274891 [36mheight=[0m50 [36mmodule=[0mstate
[90m7:26PM[0m DBG SkimTopTopicsByWeightDesc took top 0 topics out of 0 [36mmodule=[0mrewards
[90m7:26PM[0m DBG Max rewards to distribute this epoch: 885416666666661 [36mmodule=[0mrewards
[90m7:26PM[0m DBG Rewardable topics: [] [36mmodule=[0mrewards
[90m7:26PM[0m [33mWRN[0m [1mNo rewardable topics found[0m [36mmodule=[0mrewards
[90m7:26PM[0m [32mINF[0m [1mfinalized block[0m [36mblock_app_hash=[0m48D7425EE34B3392135A4A77C09B2CBF63F6DFFE6E56F7D9587ADB7040FD89F1 [36mheight=[0m51 [36mmodule=[0mstate [36mnum_txs_res=[0m0 [36mnum_val_updates=[0m0
[90m7:26PM[0m [32mINF[0m [1mexecuted block[0m [36mapp_hash=[0m48D7425EE34B3392135A4A77C09B2CBF63F6DFFE6E56F7D9587ADB7040FD89F1 [36mheight=[0m51 [36mmodule=[0mstate
[90m7:26PM[0m [32mINF[0m [1mcommitted state[0m [36mblock_app_hash=[0m4FF80F8F0ABAE77070F5AC52A5652CF5A5CDB60B94C9F5F5497B6E9BA14DCEA6 [36mheight=[0m51 [36mmodule=[0mstate
[90m7:26PM[0m DBG SkimTopTopicsByWeightDesc took top 0 topics out of 0 [36mmodule=[0mrewards
[90m7:26PM[0m DBG Max rewards to distribute this epoch: 902777777777772 [36mmodule=[0mrewards
[90m7:26PM[0m DBG Rewardable topics: [] [36mmodule=[0mrewards
[90m7:26PM[0m [33mWRN[0m [1mNo rewardable topics found[0m [36mmodule=[0mrewards
[90m7:26PM[0m [32mINF[0m [1mfinalized block[0m [36mblock_app_hash=[0m1E647FF44369C9B7B5444368B9C5AD8E13942DDBF44FB2FD1AB11636C7A268BE [36mheight=[0m52 [36mmodule=[0mstate [36mnum_txs_res=[0m0 [36mnum_val_updates=[0m0
[90m7:26PM[0m [32mINF[0m [1mexecuted block[0m [36mapp_hash=[0m1E647FF44369C9B7B5444368B9C5AD8E13942DDBF44FB2FD1AB11636C7A268BE [36mheight=[0m52 [36mmodule=[0mstate
[90m7:26PM[0m [32mINF[0m [1mcommitted state[0m [36mblock_app_hash=[0m48D7425EE34B3392135A4A77C09B2CBF63F6DFFE6E56F7D9587ADB7040FD89F1 [36mheight=[0m52 [36mmodule=[0mstate
[90m7:26PM[0m DBG SkimTopTopicsByWeightDesc took top 0 topics out of 0 [36mmodule=[0mrewards
[90m7:26PM[0m DBG Max rewards to distribute this epoch: 920138888888883 [36mmodule=[0mrewards
[90m7:26PM[0m DBG Rewardable topics: [] [36mmodule=[0mrewards
[90m7:26PM[0m [33mWRN[0m [1mNo rewardable topics found[0m [36mmodule=[0mrewards
[90m7:26PM[0m [32mINF[0m [1mfinalized block[0m [36mblock_app_hash=[0m07F3EB7EC61CE137CDC00F1EF643147C635C6F82136AD206C2EFADCEF2FB35C9 [36mheight=[0m53 [36mmodule=[0mstate [36mnum_txs_res=[0m0 [36mnum_val_updates=[0m0
[90m7:26PM[0m [32mINF[0m [1mexecuted block[0m [36mapp_hash=[0m07F3EB7EC61CE137CDC00F1EF643147C635C6F82136AD206C2EFADCEF2FB35C9 [36mheight=[0m53 [36mmodule=[0mstate
[90m7:26PM[0m [32mINF[0m [1mcommitted state[0m [36mblock_app_hash=[0m1E647FF44369C9B7B5444368B9C5AD8E13942DDBF44FB2FD1AB11636C7A268BE [36mheight=[0m53 [36mmodule=[0mstate
[90m7:26PM[0m DBG SkimTopTopicsByWeightDesc took top 0 topics out of 0 [36mmodule=[0mrewards
[90m7:26PM[0m DBG Max rewards to distribute this epoch: 937499999999994 [36mmodule=[0mrewards
[90m7:26PM[0m DBG Rewardable topics: [] [36mmodule=[0mrewards
[90m7:26PM[0m [33mWRN[0m [1mNo rewardable topics found[0m [36mmodule=[0mrewards
[90m7:26PM[0m [32mINF[0m [1mfinalized block[0m [36mblock_app_hash=[0m889EE370DC0ADC9876886BC73D8859E3F1986AA8EF66B01D0C61C2D5C476EF24 [36mheight=[0m54 [36mmodule=[0mstate [36mnum_txs_res=[0m0 [36mnum_val_updates=[0m0
[90m7:26PM[0m [32mINF[0m [1mexecuted block[0m [36mapp_hash=[0m889EE370DC0ADC9876886BC73D8859E3F1986AA8EF66B01D0C61C2D5C476EF24 [36mheight=[0m54 [36mmodule=[0mstate
[90m7:26PM[0m [32mINF[0m [1mcommitted state[0m [36mblock_app_hash=[0m07F3EB7EC61CE137CDC00F1EF643147C635C6F82136AD206C2EFADCEF2FB35C9 [36mheight=[0m54 [36mmodule=[0mstate
[90m7:26PM[0m DBG SkimTopTopicsByWeightDesc took top 0 topics out of 0 [36mmodule=[0mrewards
[90m7:26PM[0m DBG Max rewards to distribute this epoch: 954861111111105 [36mmodule=[0mrewards
[90m7:26PM[0m DBG Rewardable topics: [] [36mmodule=[0mrewards
[90m7:26PM[0m [33mWRN[0m [1mNo rewardable topics found[0m [36mmodule=[0mrewards
[90m7:26PM[0m [32mINF[0m [1mfinalized block[0m [36mblock_app_hash=[0m9D247F9D13C1331BF3B52D9D2BDD4551F85C36FE1DADF6E23237D4D7213C684D [36mheight=[0m55 [36mmodule=[0mstate [36mnum_txs_res=[0m0 [36mnum_val_updates=[0m0
[90m7:26PM[0m [32mINF[0m [1mexecuted block[0m [36mapp_hash=[0m9D247F9D13C1331BF3B52D9D2BDD4551F85C36FE1DADF6E23237D4D7213C684D [36mheight=[0m55 [36mmodule=[0mstate
[90m7:26PM[0m [32mINF[0m [1mcommitted state[0m [36mblock_app_hash=[0m889EE370DC0ADC9876886BC73D8859E3F1986AA8EF66B01D0C61C2D5C476EF24 [36mheight=[0m55 [36mmodule=[0mstate
